This is pdfTeX, Version 3.141592653-2.6-1.40.25 (TeX Live 2023/Arch Linux) (preloaded format=pdflatex 2024.3.6)  29 MAR 2024 00:35
entering extended mode
 restricted \write18 enabled.
 %&-line parsing enabled.
**main.tex
(./main.tex
LaTeX2e <2022-11-01> patch level 1
L3 programming layer <2023-02-22>
(/usr/share/texmf-dist/tex/latex/base/article.cls
Document Class: article 2022/07/02 v1.4n Standard LaTeX document class
(/usr/share/texmf-dist/tex/latex/base/size10.clo
File: size10.clo 2022/07/02 v1.4n Standard LaTeX file (size option)
)
\c@part=\count185
\c@section=\count186
\c@subsection=\count187
\c@subsubsection=\count188
\c@paragraph=\count189
\c@subparagraph=\count190
\c@figure=\count191
\c@table=\count192
\abovecaptionskip=\skip48
\belowcaptionskip=\skip49
\bibindent=\dimen140
)
(/usr/share/texmf-dist/tex/latex/base/ifthen.sty
Package: ifthen 2022/04/13 v1.1d Standard LaTeX ifthen package (DPC)
)
(/usr/share/texmf-dist/tex/latex/tools/array.sty
Package: array 2022/09/04 v2.5g Tabular extension package (FMi)
\col@sep=\dimen141
\ar@mcellbox=\box51
\extrarowheight=\dimen142
\NC@list=\toks16
\extratabsurround=\skip50
\backup@length=\skip51
\ar@cellbox=\box52
)
(/usr/share/texmf-dist/tex/latex/booktabs/booktabs.sty
Package: booktabs 2020/01/12 v1.61803398 Publication quality tables
\heavyrulewidth=\dimen143
\lightrulewidth=\dimen144
\cmidrulewidth=\dimen145
\belowrulesep=\dimen146
\belowbottomsep=\dimen147
\aboverulesep=\dimen148
\abovetopsep=\dimen149
\cmidrulesep=\dimen150
\cmidrulekern=\dimen151
\defaultaddspace=\dimen152
\@cmidla=\count193
\@cmidlb=\count194
\@aboverulesep=\dimen153
\@belowrulesep=\dimen154
\@thisruleclass=\count195
\@lastruleclass=\count196
\@thisrulewidth=\dimen155
)
(/usr/share/texmf-dist/tex/latex/csvsimple/csvsimple-l3.sty
Package: csvsimple-l3 2022/09/20 v2.3.2 LaTeX3 CSV file processing
\g__csvsim_col_int=\count197
\g__csvsim_colmax_int=\count198
\g_csvsim_inputline_int=\count199
\g_csvsim_row_int=\count266
\g_csvsim_columncount_int=\count267
)
(/usr/share/texmf-dist/tex/latex/l3backend/l3backend-pdftex.def
File: l3backend-pdftex.def 2023-01-16 L3 backend support: PDF output (pdfTeX)
\l__color_backend_stack_int=\count268
\l__pdf_internal_box=\box53
) (./main.aux)
\openout1 = `main.aux'.

LaTeX Font Info:    Checking defaults for OML/cmm/m/it on input line 4.
LaTeX Font Info:    ... okay on input line 4.
LaTeX Font Info:    Checking defaults for OMS/cmsy/m/n on input line 4.
LaTeX Font Info:    ... okay on input line 4.
LaTeX Font Info:    Checking defaults for OT1/cmr/m/n on input line 4.
LaTeX Font Info:    ... okay on input line 4.
LaTeX Font Info:    Checking defaults for T1/cmr/m/n on input line 4.
LaTeX Font Info:    ... okay on input line 4.
LaTeX Font Info:    Checking defaults for TS1/cmr/m/n on input line 4.
LaTeX Font Info:    ... okay on input line 4.
LaTeX Font Info:    Checking defaults for OMX/cmex/m/n on input line 4.
LaTeX Font Info:    ... okay on input line 4.
LaTeX Font Info:    Checking defaults for U/cmr/m/n on input line 4.
LaTeX Font Info:    ... okay on input line 4.
LaTeX Font Info:    External font `cmex10' loaded for size
(Font)              <7> on input line 5.
LaTeX Font Info:    External font `cmex10' loaded for size
(Font)              <5> on input line 5.

! You can't use `macro parameter character #' in restricted horizontal mode.
<inserted text> ...ine&Audio-Source&Audio-Track ##
                                                  &Audio-Send&Audio-Level
l.5 \csvautotabular[separator=tab]{cue.tsv}
                                           
? 

! LaTeX Error: \begin{tabular} on input line 5 ended by \end{document}.

See the LaTeX manual or LaTeX Companion for explanation.
Type  H <return>  for immediate help.
 ...                                              
                                                  
l.6 \end{document}
                  
? 
! Emergency stop.
 ...                                              
                                                  
l.6 \end{document}
                  
Your command was ignored.
Type  I <command> <return>  to replace it with another command,
or  <return>  to continue without it.

 
Here is how much of TeX's memory you used:
 1095 strings out of 477985
 24165 string characters out of 5840059
 1849388 words of memory out of 5000000
 21363 multiletter control sequences out of 15000+600000
 512287 words of font info for 32 fonts, out of 8000000 for 9000
 14 hyphenation exceptions out of 8191
 38i,6n,55p,210b,96s stack positions out of 10000i,1000n,20000p,200000b,200000s
!  ==> Fatal error occurred, no output PDF file produced!
im=\dimen167
\g__tblr_cell_head_dim=\dimen168
\g__tblr_cell_foot_dim=\dimen169
\l__column_target_dim=\dimen170
\l__tblr_caption_box=\box56
\l__tblr_caption_left_box=\box57
\l__tblr_row_head_box=\box58
\l__tblr_row_foot_box=\box59
\l__tblr_row_head_foot_dim=\dimen171
\tablewidth=\dimen172
\l__tblr_table_firsthead_box=\box60
\l__tblr_table_middlehead_box=\box61
\l__tblr_table_lasthead_box=\box62
\l__tblr_table_firstfoot_box=\box63
\l__tblr_table_middlefoot_box=\box64
\l__tblr_table_lastfoot_box=\box65
\l__tblr_remain_height_dim=\dimen173
\l__tblr_long_from_int=\count281
\l__tblr_long_to_int=\count282
\l__tblr_curr_i_int=\count283
\l__tblr_prev_i_int=\count284
\l__tblr_table_page_int=\count285
\l__tblr_table_head_box=\box66
\l__tblr_table_foot_box=\box67
\l__tblr_table_head_foot_dim=\dimen174
\l__tblr_table_head_body_foot_dim=\dimen175
\l__tblr_table_box=\box68
\l__tblr_table_hlines_box=\box69
\l__tblr_hline_box=\box70
\l__tblr_row_box=\box71
\l__tblr_col_o_wd_dim=\dimen176
\l__tblr_col_b_wd_dim=\dimen177
\l__tblr_hline_leftskip_dim=\dimen178
\l__tblr_hline_rightskip_dim=\dimen179
\l__tblr_row_ht_dim=\dimen180
\l__tblr_row_dp_dim=\dimen181
\l__tblr_row_abovesep_dim=\dimen182
\l__tblr_row_belowsep_dim=\dimen183
\l__tblr_row_vlines_box=\box72
\l__tblr_vline_box=\box73
\l__tblr_cell_box=\box74
\l__row_upper_dim=\dimen184
\l__row_lower_dim=\dimen185
\l__row_vpace_dim=\dimen186
\l__tblr_vline_aboveskip_dim=\dimen187
\l__tblr_vline_belowskip_dim=\dimen188
\l__tblr_cell_wd_dim=\dimen189
\l__tblr_cell_ht_dim=\dimen190
\l__tblr_diag_box=\box75
) (/usr/share/texmf-dist/tex/latex/booktabs/booktabs.sty
Package: booktabs 2020/01/12 v1.61803398 Publication quality tables
\heavyrulewidth=\dimen191
\lightrulewidth=\dimen192
\cmidrulewidth=\dimen193
\belowrulesep=\dimen194
\belowbottomsep=\dimen195
\aboverulesep=\dimen196
\abovetopsep=\dimen197
\cmidrulesep=\dimen198
\cmidrulekern=\dimen199
\defaultaddspace=\dimen256
\@cmidla=\count286
\@cmidlb=\count287
\@aboverulesep=\dimen257
\@belowrulesep=\dimen258
\@thisruleclass=\count288
\@lastruleclass=\count289
\@thisrulewidth=\dimen259
) (/usr/share/texmf-dist/tex/latex/csvsimple/csvsimple.sty (/usr/share/texmf-dist/tex/latex/l3packages/l3keys2e/l3keys2e.sty
Package: l3keys2e 2023-02-02 LaTeX2e option processing using LaTeX3 keys
)
Package: csvsimple 2022/09/20 v2.3.2 LaTeX CSV file processing
) (/usr/share/texmf-dist/tex/latex/csvsimple/csvsimple-l3.sty
Package: csvsimple-l3 2022/09/20 v2.3.2 LaTeX3 CSV file processing
\g__csvsim_col_int=\count290
\g__csvsim_colmax_int=\count291
\g_csvsim_inputline_int=\count292
\g_csvsim_row_int=\count293
\g_csvsim_columncount_int=\count294
) (/usr/share/texmf-dist/tex/latex/graphics/graphicx.sty
Package: graphicx 2021/09/16 v1.2d Enhanced LaTeX Graphics (DPC,SPQR)
 (/usr/share/texmf-dist/tex/latex/graphics/graphics.sty
Package: graphics 2022/03/10 v1.4e Standard LaTeX Graphics (DPC,SPQR)
 (/usr/share/texmf-dist/tex/latex/graphics/trig.sty
Package: trig 2021/08/11 v1.11 sin cos tan (DPC)
) (/usr/share/texmf-dist/tex/latex/graphics-cfg/graphics.cfg
File: graphics.cfg 2016/06/04 v1.11 sample graphics configuration
)
Package graphics Info: Driver file: pdftex.def on input line 107.
)
\Gin@req@height=\dimen260
\Gin@req@width=\dimen261
)) (./main.aux)
\openout1 = `main.aux'.

LaTeX Font Info:    Checking defaults for OML/cmm/m/it on input line 5.
LaTeX Font Info:    ... okay on input line 5.
LaTeX Font Info:    Checking defaults for OMS/cmsy/m/n on input line 5.
LaTeX Font Info:    ... okay on input line 5.
LaTeX Font Info:    Checking defaults for OT1/cmr/m/n on input line 5.
LaTeX Font Info:    ... okay on input line 5.
LaTeX Font Info:    Checking defaults for T1/cmr/m/n on input line 5.
LaTeX Font Info:    ... okay on input line 5.
LaTeX Font Info:    Checking defaults for TS1/cmr/m/n on input line 5.
LaTeX Font Info:    ... okay on input line 5.
LaTeX Font Info:    Checking defaults for OMX/cmex/m/n on input line 5.
LaTeX Font Info:    ... okay on input line 5.
LaTeX Font Info:    Checking defaults for U/cmr/m/n on input line 5.
LaTeX Font Info:    ... okay on input line 5.

*geometry* driver: auto-detecting
*geometry* detected driver: pdftex
*geometry* verbose mode - [ preamble ] result:
* driver: pdftex
* paper: a4paper
* layout: <same size as paper>
* layoutoffset:(h,v)=(0.0pt,0.0pt)
* modes: 
* h-part:(L,W,R)=(14.45377pt, 568.60034pt, 14.45377pt)
* v-part:(T,H,B)=(14.45377pt, 816.13931pt, 14.45377pt)
* \paperwidth=597.50787pt
* \paperheight=845.04684pt
* \textwidth=568.60034pt
* \textheight=816.13931pt
* \oddsidemargin=-57.81622pt
* \evensidemargin=-57.81622pt
* \topmargin=-94.81622pt
* \headheight=12.0pt
* \headsep=25.0pt
* \topskip=10.0pt
* \footskip=30.0pt
* \marginparwidth=57.0pt
* \marginparsep=11.0pt
* \columnsep=10.0pt
* \skip\footins=9.0pt plus 4.0pt minus 2.0pt
* \hoffset=0.0pt
* \voffset=0.0pt
* \mag=1000
* \@twocolumnfalse
* \@twosidefalse
* \@mparswitchfalse
* \@reversemarginfalse
* (1in=72.27pt=25.4mm, 1cm=28.453pt)

(/usr/share/texmf-dist/tex/context/base/mkii/supp-pdf.mkii
[Loading MPS to PDF converter (version 2006.09.02).]
\scratchcounter=\count295
\scratchdimen=\dimen262
\scratchbox=\box76
\nofMPsegments=\count296
\nofMParguments=\count297
\everyMPshowfont=\toks18
\MPscratchCnt=\count298
\MPscratchDim=\dimen263
\MPnumerator=\count299
\makeMPintoPDFobject=\count300
\everyMPtoPDFconversion=\toks19
) (/usr/share/texmf-dist/tex/latex/epstopdf-pkg/epstopdf-base.sty
Package: epstopdf-base 2020-01-24 v2.11 Base part for package epstopdf
Package epstopdf-base Info: Redefining graphics rule for `.eps' on input line 485.
 (/usr/share/texmf-dist/tex/latex/latexconfig/epstopdf-sys.cfg
File: epstopdf-sys.cfg 2010/07/13 v1.3 Configuration of (r)epstopdf for TeX Live
))
*geometry* verbose mode - [ newgeometry ] result:
* driver: pdftex
* paper: a4paper
* layout: <same size as paper>
* layoutoffset:(h,v)=(0.0pt,0.0pt)
* modes: 
* h-part:(L,W,R)=(180.67499pt, 236.1579pt, 180.67499pt)
* v-part:(T,H,B)=(180.67499pt, 483.69687pt, 180.67499pt)
* \paperwidth=597.50787pt
* \paperheight=845.04684pt
* \textwidth=236.1579pt
* \textheight=483.69687pt
* \oddsidemargin=108.405pt
* \evensidemargin=108.405pt
* \topmargin=71.405pt
* \headheight=12.0pt
* \headsep=25.0pt
* \topskip=10.0pt
* \footskip=30.0pt
* \marginparwidth=57.0pt
* \marginparsep=11.0pt
* \columnsep=10.0pt
* \skip\footins=9.0pt plus 4.0pt minus 2.0pt
* \hoffset=0.0pt
* \voffset=0.0pt
* \mag=1000
* \@twocolumnfalse
* \@twosidefalse
* \@mparswitchfalse
* \@reversemarginfalse
* (1in=72.27pt=25.4mm, 1cm=28.453pt)

 (./tptlogo.pdf_tex
<tptlogo.pdf, id=1, page=1, 439.6425pt x 185.94469pt>
File: tptlogo.pdf Graphic file (type pdf)
<use tptlogo.pdf, page 1>
Package pdftex.def Info: tptlogo.pdf , page1 used on input line 56.
(pdftex.def)             Requested size: 170.71652pt x 72.20319pt.
) [1


{/var/lib/texmf/fonts/map/pdftex/updmap/pdftex.map} <./tptlogo.pdf>]
> Step: init table outer spec.
> Step: parse table options.
> Step: split table.
> Step: init table inner spec.
> Step: parse table inner spec.
> Step: execute table commands.
> Step: calculate cell and line sizes.
> Step: build the whole table.
 [1

] [2] [3] (./main.aux) ) 
Here is how much of TeX's memory you used:
 5870 strings out of 477985
 131207 string characters out of 5840059
 1901388 words of memory out of 5000000
 26055 multiletter control sequences out of 15000+600000
 516580 words of font info for 41 fonts, out of 8000000 for 9000
 14 hyphenation exceptions out of 8191
 87i,6n,111p,279b,656s stack positions out of 10000i,1000n,20000p,200000b,200000s
</usr/share/texmf-dist/fonts/type1/public/amsfonts/cm/cmbx10.pfb></usr/share/texmf-dist/fonts/type1/public/amsfonts/cm/cmbx12.pfb></usr/share/texmf-dist/fonts/type1/public/amsfonts/cm/cmr10.pfb></usr/share/texmf-dist/fonts/type1/public/amsfonts/cm/cmr12.pfb>
Output written on main.pdf (4 pages, 54884 bytes).
PDF statistics:
 40 PDF objects out of 1000 (max. 8388607)
 24 compressed objects within 1 object stream
 0 named destinations out of 1000 (max. 500000)
 6 words of extra memory for PDF output out of 10000 (max. 10000000)

